This file contains any messages produced by compilers while
running configure, to aid debugging if configure makes a mistake.

It was created by HepPDT configure 3.04.01, which was
generated by GNU Autoconf 2.59.  Invocation command line was

  $ ./configure --prefix=/usr

## --------- ##
## Platform. ##
## --------- ##

hostname = ftlserver
uname -m = x86_64
uname -r = 4.10.13-1-ARCH
uname -s = Linux
uname -v = #1 SMP PREEMPT Thu Apr 27 12:15:09 CEST 2017

/usr/bin/uname -p = unknown
/bin/uname -X     = unknown

/bin/arch              = unknown
/usr/bin/arch -k       = unknown
/usr/convex/getsysinfo = unknown
hostinfo               = unknown
/bin/machine           = unknown
/usr/bin/oslevel       = unknown
/bin/universe          = unknown

PATH: /home/teemperor/bin/
PATH: /usr/bin
PATH: /bin
PATH: /usr/sbin
PATH: /sbin
PATH: /usr/bin/site_perl
PATH: /usr/bin/vendor_perl
PATH: /usr/bin/core_perl


## ----------- ##
## Core tests. ##
## ----------- ##

configure:1364: checking build system type
configure:1382: result: x86_64-unknown-linux-gnu
configure:1390: checking host system type
configure:1404: result: x86_64-unknown-linux-gnu
configure:1412: checking target system type
configure:1426: result: x86_64-unknown-linux-gnu
configure:1454: checking for a BSD-compatible install
configure:1509: result: /usr/bin/install -c
configure:1520: checking whether build environment is sane
configure:1563: result: yes
configure:1628: checking for gawk
configure:1644: found /usr/bin/gawk
configure:1654: result: gawk
configure:1664: checking whether make sets $(MAKE)
configure:1684: result: yes
configure:1968: checking for g++
configure:1984: found /usr/bin/g++
configure:1994: result: g++
configure:2010: checking for C++ compiler version
configure:2013: g++ --version </dev/null >&5
g++ (GCC) 6.3.1 20170306
Copyright (C) 2016 Free Software Foundation, Inc.
This is free software; see the source for copying conditions.  There is NO
warranty; not even for MERCHANTABILITY or FITNESS FOR A PARTICULAR PURPOSE.

configure:2016: $? = 0
configure:2018: g++ -v </dev/null >&5
Using built-in specs.
COLLECT_GCC=g++
COLLECT_LTO_WRAPPER=/usr/lib/gcc/x86_64-pc-linux-gnu/6.3.1/lto-wrapper
Target: x86_64-pc-linux-gnu
Configured with: /build/gcc-multilib/src/gcc/configure --prefix=/usr --libdir=/usr/lib --libexecdir=/usr/lib --mandir=/usr/share/man --infodir=/usr/share/info --with-bugurl=https://bugs.archlinux.org/ --enable-languages=c,c++,ada,fortran,go,lto,objc,obj-c++ --enable-shared --enable-threads=posix --enable-libmpx --with-system-zlib --with-isl --enable-__cxa_atexit --disable-libunwind-exceptions --enable-clocale=gnu --disable-libstdcxx-pch --disable-libssp --enable-gnu-unique-object --enable-linker-build-id --enable-lto --enable-plugin --enable-install-libiberty --with-linker-hash-style=gnu --enable-gnu-indirect-function --enable-multilib --disable-werror --enable-checking=release
Thread model: posix
gcc version 6.3.1 20170306 (GCC) 
configure:2021: $? = 0
configure:2023: g++ -V </dev/null >&5
g++: error: unrecognized command line option '-V'
g++: fatal error: no input files
compilation terminated.
configure:2026: $? = 1
configure:2049: checking for C++ compiler default output file name
configure:2052: g++ -march=x86-64 -mtune=generic -O2 -pipe -fstack-protector-strong -D_FORTIFY_SOURCE=2 -Wl,-O1,--sort-common,--as-needed,-z,relro conftest.cc  >&5
configure:2055: $? = 0
configure:2101: result: a.out
configure:2106: checking whether the C++ compiler works
configure:2112: ./a.out
configure:2115: $? = 0
configure:2132: result: yes
configure:2139: checking whether we are cross compiling
configure:2141: result: no
configure:2144: checking for suffix of executables
configure:2146: g++ -o conftest -march=x86-64 -mtune=generic -O2 -pipe -fstack-protector-strong -D_FORTIFY_SOURCE=2 -Wl,-O1,--sort-common,--as-needed,-z,relro conftest.cc  >&5
configure:2149: $? = 0
configure:2174: result: 
configure:2180: checking for suffix of object files
configure:2201: g++ -c -march=x86-64 -mtune=generic -O2 -pipe -fstack-protector-strong -D_FORTIFY_SOURCE=2 conftest.cc >&5
configure:2204: $? = 0
configure:2226: result: o
configure:2230: checking whether we are using the GNU C++ compiler
configure:2254: g++ -c -march=x86-64 -mtune=generic -O2 -pipe -fstack-protector-strong -D_FORTIFY_SOURCE=2 conftest.cc >&5
configure:2260: $? = 0
configure:2264: test -z 
			 || test ! -s conftest.err
configure:2267: $? = 0
configure:2270: test -s conftest.o
configure:2273: $? = 0
configure:2286: result: yes
configure:2292: checking whether g++ accepts -g
configure:2313: g++ -c -g -D_FORTIFY_SOURCE=2 conftest.cc >&5
configure:2319: $? = 0
configure:2323: test -z 
			 || test ! -s conftest.err
configure:2326: $? = 0
configure:2329: test -s conftest.o
configure:2332: $? = 0
configure:2343: result: yes
configure:2385: g++ -c -march=x86-64 -mtune=generic -O2 -pipe -fstack-protector-strong -D_FORTIFY_SOURCE=2 conftest.cc >&5
configure:2391: $? = 0
configure:2395: test -z 
			 || test ! -s conftest.err
configure:2398: $? = 0
configure:2401: test -s conftest.o
configure:2404: $? = 0
configure:2430: g++ -c -march=x86-64 -mtune=generic -O2 -pipe -fstack-protector-strong -D_FORTIFY_SOURCE=2 conftest.cc >&5
conftest.cc: In function 'int main()':
conftest.cc:15:9: error: 'exit' was not declared in this scope
 exit (42);
         ^
configure:2436: $? = 1
configure: failed program was:
| /* confdefs.h.  */
| 
| #define PACKAGE_NAME "HepPDT"
| #define PACKAGE_TARNAME "HepPDT"
| #define PACKAGE_VERSION "3.04.01"
| #define PACKAGE_STRING "HepPDT 3.04.01"
| #define PACKAGE_BUGREPORT "https://savannah.cern.ch/projects/heppdt/"
| #define PACKAGE "HepPDT"
| #define VERSION "3.04.01"
| /* end confdefs.h.  */
| 
| int
| main ()
| {
| exit (42);
|   ;
|   return 0;
| }
configure:2385: g++ -c -march=x86-64 -mtune=generic -O2 -pipe -fstack-protector-strong -D_FORTIFY_SOURCE=2 conftest.cc >&5
configure:2391: $? = 0
configure:2395: test -z 
			 || test ! -s conftest.err
configure:2398: $? = 0
configure:2401: test -s conftest.o
configure:2404: $? = 0
configure:2430: g++ -c -march=x86-64 -mtune=generic -O2 -pipe -fstack-protector-strong -D_FORTIFY_SOURCE=2 conftest.cc >&5
configure:2436: $? = 0
configure:2440: test -z 
			 || test ! -s conftest.err
configure:2443: $? = 0
configure:2446: test -s conftest.o
configure:2449: $? = 0
configure:2483: checking for style of include used by make
configure:2511: result: GNU
configure:2539: checking dependency style of g++
configure:2629: result: gcc3
configure:2692: checking for gcc
configure:2708: found /usr/bin/gcc
configure:2718: result: gcc
configure:2962: checking for C compiler version
configure:2965: gcc --version </dev/null >&5
gcc (GCC) 6.3.1 20170306
Copyright (C) 2016 Free Software Foundation, Inc.
This is free software; see the source for copying conditions.  There is NO
warranty; not even for MERCHANTABILITY or FITNESS FOR A PARTICULAR PURPOSE.

configure:2968: $? = 0
configure:2970: gcc -v </dev/null >&5
Using built-in specs.
COLLECT_GCC=gcc
COLLECT_LTO_WRAPPER=/usr/lib/gcc/x86_64-pc-linux-gnu/6.3.1/lto-wrapper
Target: x86_64-pc-linux-gnu
Configured with: /build/gcc-multilib/src/gcc/configure --prefix=/usr --libdir=/usr/lib --libexecdir=/usr/lib --mandir=/usr/share/man --infodir=/usr/share/info --with-bugurl=https://bugs.archlinux.org/ --enable-languages=c,c++,ada,fortran,go,lto,objc,obj-c++ --enable-shared --enable-threads=posix --enable-libmpx --with-system-zlib --with-isl --enable-__cxa_atexit --disable-libunwind-exceptions --enable-clocale=gnu --disable-libstdcxx-pch --disable-libssp --enable-gnu-unique-object --enable-linker-build-id --enable-lto --enable-plugin --enable-install-libiberty --with-linker-hash-style=gnu --enable-gnu-indirect-function --enable-multilib --disable-werror --enable-checking=release
Thread model: posix
gcc version 6.3.1 20170306 (GCC) 
configure:2973: $? = 0
configure:2975: gcc -V </dev/null >&5
gcc: error: unrecognized command line option '-V'
gcc: fatal error: no input files
compilation terminated.
configure:2978: $? = 1
configure:2981: checking whether we are using the GNU C compiler
configure:3005: gcc -c -march=x86-64 -mtune=generic -O2 -pipe -fstack-protector-strong -D_FORTIFY_SOURCE=2 conftest.c >&5
configure:3011: $? = 0
configure:3015: test -z 
			 || test ! -s conftest.err
configure:3018: $? = 0
configure:3021: test -s conftest.o
configure:3024: $? = 0
configure:3037: result: yes
configure:3043: checking whether gcc accepts -g
configure:3064: gcc -c -g -D_FORTIFY_SOURCE=2 conftest.c >&5
configure:3070: $? = 0
configure:3074: test -z 
			 || test ! -s conftest.err
configure:3077: $? = 0
configure:3080: test -s conftest.o
configure:3083: $? = 0
configure:3094: result: yes
configure:3111: checking for gcc option to accept ANSI C
configure:3181: gcc  -c -march=x86-64 -mtune=generic -O2 -pipe -fstack-protector-strong -D_FORTIFY_SOURCE=2 conftest.c >&5
configure:3187: $? = 0
configure:3191: test -z 
			 || test ! -s conftest.err
configure:3194: $? = 0
configure:3197: test -s conftest.o
configure:3200: $? = 0
configure:3218: result: none needed
configure:3236: gcc -c -march=x86-64 -mtune=generic -O2 -pipe -fstack-protector-strong -D_FORTIFY_SOURCE=2 conftest.c >&5
conftest.c:2:3: error: unknown type name 'choke'
   choke me
   ^~~~~
conftest.c:2:3: error: expected '=', ',', ';', 'asm' or '__attribute__' at end of input
configure:3242: $? = 1
configure: failed program was:
| #ifndef __cplusplus
|   choke me
| #endif
configure:3377: checking dependency style of gcc
configure:3467: result: gcc3
configure:3484: checking whether make sets $(MAKE)
configure:3504: result: yes
configure:3554: checking for ranlib
configure:3570: found /usr/bin/ranlib
configure:3581: result: ranlib
configure:3607: checking how to run the C preprocessor
configure:3642: gcc -E -D_FORTIFY_SOURCE=2 conftest.c
In file included from /usr/include/bits/libc-header-start.h:33:0,
                 from /usr/include/limits.h:26,
                 from /usr/lib/gcc/x86_64-pc-linux-gnu/6.3.1/include-fixed/limits.h:168,
                 from /usr/lib/gcc/x86_64-pc-linux-gnu/6.3.1/include-fixed/syslimits.h:7,
                 from /usr/lib/gcc/x86_64-pc-linux-gnu/6.3.1/include-fixed/limits.h:34,
                 from conftest.c:15:
/usr/include/features.h:373:4: warning: #warning _FORTIFY_SOURCE requires compiling with optimization (-O) [-Wcpp]
 #  warning _FORTIFY_SOURCE requires compiling with optimization (-O)
    ^~~~~~~
configure:3648: $? = 0
configure:3680: gcc -E -D_FORTIFY_SOURCE=2 conftest.c
conftest.c:14:28: fatal error: ac_nonexistent.h: No such file or directory
 #include <ac_nonexistent.h>
                            ^
compilation terminated.
configure:3686: $? = 1
configure: failed program was:
| /* confdefs.h.  */
| 
| #define PACKAGE_NAME "HepPDT"
| #define PACKAGE_TARNAME "HepPDT"
| #define PACKAGE_VERSION "3.04.01"
| #define PACKAGE_STRING "HepPDT 3.04.01"
| #define PACKAGE_BUGREPORT "https://savannah.cern.ch/projects/heppdt/"
| #define PACKAGE "HepPDT"
| #define VERSION "3.04.01"
| #ifdef __cplusplus
| extern "C" void std::exit (int) throw (); using std::exit;
| #endif
| /* end confdefs.h.  */
| #include <ac_nonexistent.h>
configure:3725: result: gcc -E
configure:3749: gcc -E -D_FORTIFY_SOURCE=2 conftest.c
In file included from /usr/include/bits/libc-header-start.h:33:0,
                 from /usr/include/limits.h:26,
                 from /usr/lib/gcc/x86_64-pc-linux-gnu/6.3.1/include-fixed/limits.h:168,
                 from /usr/lib/gcc/x86_64-pc-linux-gnu/6.3.1/include-fixed/syslimits.h:7,
                 from /usr/lib/gcc/x86_64-pc-linux-gnu/6.3.1/include-fixed/limits.h:34,
                 from conftest.c:15:
/usr/include/features.h:373:4: warning: #warning _FORTIFY_SOURCE requires compiling with optimization (-O) [-Wcpp]
 #  warning _FORTIFY_SOURCE requires compiling with optimization (-O)
    ^~~~~~~
configure:3755: $? = 0
configure:3787: gcc -E -D_FORTIFY_SOURCE=2 conftest.c
conftest.c:14:28: fatal error: ac_nonexistent.h: No such file or directory
 #include <ac_nonexistent.h>
                            ^
compilation terminated.
configure:3793: $? = 1
configure: failed program was:
| /* confdefs.h.  */
| 
| #define PACKAGE_NAME "HepPDT"
| #define PACKAGE_TARNAME "HepPDT"
| #define PACKAGE_VERSION "3.04.01"
| #define PACKAGE_STRING "HepPDT 3.04.01"
| #define PACKAGE_BUGREPORT "https://savannah.cern.ch/projects/heppdt/"
| #define PACKAGE "HepPDT"
| #define VERSION "3.04.01"
| #ifdef __cplusplus
| extern "C" void std::exit (int) throw (); using std::exit;
| #endif
| /* end confdefs.h.  */
| #include <ac_nonexistent.h>
configure:3837: checking for egrep
configure:3847: result: grep -E
configure:3852: checking for ANSI C header files
configure:3877: gcc -c -march=x86-64 -mtune=generic -O2 -pipe -fstack-protector-strong -D_FORTIFY_SOURCE=2 conftest.c >&5
configure:3883: $? = 0
configure:3887: test -z 
			 || test ! -s conftest.err
configure:3890: $? = 0
configure:3893: test -s conftest.o
configure:3896: $? = 0
In file included from /usr/include/bits/libc-header-start.h:33:0,
                 from /usr/include/string.h:26,
                 from conftest.c:14:
/usr/include/features.h:373:4: warning: #warning _FORTIFY_SOURCE requires compiling with optimization (-O) [-Wcpp]
 #  warning _FORTIFY_SOURCE requires compiling with optimization (-O)
    ^~~~~~~
In file included from /usr/include/bits/libc-header-start.h:33:0,
                 from /usr/include/stdlib.h:25,
                 from conftest.c:14:
/usr/include/features.h:373:4: warning: #warning _FORTIFY_SOURCE requires compiling with optimization (-O) [-Wcpp]
 #  warning _FORTIFY_SOURCE requires compiling with optimization (-O)
    ^~~~~~~
configure:3985: gcc -o conftest -march=x86-64 -mtune=generic -O2 -pipe -fstack-protector-strong -D_FORTIFY_SOURCE=2 -Wl,-O1,--sort-common,--as-needed,-z,relro conftest.c  >&5
conftest.c: In function 'main':
conftest.c:31:7: warning: implicit declaration of function 'exit' [-Wimplicit-function-declaration]
       exit(2);
       ^~~~
conftest.c:31:7: warning: incompatible implicit declaration of built-in function 'exit'
conftest.c:31:7: note: include '<stdlib.h>' or provide a declaration of 'exit'
conftest.c:32:3: warning: incompatible implicit declaration of built-in function 'exit'
   exit (0);
   ^~~~
conftest.c:32:3: note: include '<stdlib.h>' or provide a declaration of 'exit'
configure:3988: $? = 0
configure:3990: ./conftest
configure:3993: $? = 0
configure:4008: result: yes
configure:4032: checking for sys/types.h
configure:4048: gcc -c -march=x86-64 -mtune=generic -O2 -pipe -fstack-protector-strong -D_FORTIFY_SOURCE=2 conftest.c >&5
configure:4054: $? = 0
configure:4058: test -z 
			 || test ! -s conftest.err
configure:4061: $? = 0
configure:4064: test -s conftest.o
configure:4067: $? = 0
configure:4078: result: yes
configure:4032: checking for sys/stat.h
configure:4048: gcc -c -march=x86-64 -mtune=generic -O2 -pipe -fstack-protector-strong -D_FORTIFY_SOURCE=2 conftest.c >&5
configure:4054: $? = 0
configure:4058: test -z 
			 || test ! -s conftest.err
configure:4061: $? = 0
configure:4064: test -s conftest.o
configure:4067: $? = 0
configure:4078: result: yes
configure:4032: checking for stdlib.h
configure:4048: gcc -c -march=x86-64 -mtune=generic -O2 -pipe -fstack-protector-strong -D_FORTIFY_SOURCE=2 conftest.c >&5
configure:4054: $? = 0
configure:4058: test -z 
			 || test ! -s conftest.err
configure:4061: $? = 0
configure:4064: test -s conftest.o
configure:4067: $? = 0
configure:4078: result: yes
configure:4032: checking for string.h
configure:4048: gcc -c -march=x86-64 -mtune=generic -O2 -pipe -fstack-protector-strong -D_FORTIFY_SOURCE=2 conftest.c >&5
configure:4054: $? = 0
configure:4058: test -z 
			 || test ! -s conftest.err
configure:4061: $? = 0
configure:4064: test -s conftest.o
configure:4067: $? = 0
configure:4078: result: yes
configure:4032: checking for memory.h
configure:4048: gcc -c -march=x86-64 -mtune=generic -O2 -pipe -fstack-protector-strong -D_FORTIFY_SOURCE=2 conftest.c >&5
configure:4054: $? = 0
configure:4058: test -z 
			 || test ! -s conftest.err
configure:4061: $? = 0
configure:4064: test -s conftest.o
configure:4067: $? = 0
configure:4078: result: yes
configure:4032: checking for strings.h
configure:4048: gcc -c -march=x86-64 -mtune=generic -O2 -pipe -fstack-protector-strong -D_FORTIFY_SOURCE=2 conftest.c >&5
configure:4054: $? = 0
configure:4058: test -z 
			 || test ! -s conftest.err
configure:4061: $? = 0
configure:4064: test -s conftest.o
configure:4067: $? = 0
configure:4078: result: yes
configure:4032: checking for inttypes.h
configure:4048: gcc -c -march=x86-64 -mtune=generic -O2 -pipe -fstack-protector-strong -D_FORTIFY_SOURCE=2 conftest.c >&5
configure:4054: $? = 0
configure:4058: test -z 
			 || test ! -s conftest.err
configure:4061: $? = 0
configure:4064: test -s conftest.o
configure:4067: $? = 0
configure:4078: result: yes
configure:4032: checking for stdint.h
configure:4048: gcc -c -march=x86-64 -mtune=generic -O2 -pipe -fstack-protector-strong -D_FORTIFY_SOURCE=2 conftest.c >&5
configure:4054: $? = 0
configure:4058: test -z 
			 || test ! -s conftest.err
configure:4061: $? = 0
configure:4064: test -s conftest.o
configure:4067: $? = 0
configure:4078: result: yes
configure:4032: checking for unistd.h
configure:4048: gcc -c -march=x86-64 -mtune=generic -O2 -pipe -fstack-protector-strong -D_FORTIFY_SOURCE=2 conftest.c >&5
configure:4054: $? = 0
configure:4058: test -z 
			 || test ! -s conftest.err
configure:4061: $? = 0
configure:4064: test -s conftest.o
configure:4067: $? = 0
configure:4078: result: yes
configure:4095: checking for stdlib.h
configure:4100: result: yes
configure:4245: checking for stdint.h
configure:4250: result: yes
configure:4394: checking for stdbool.h that conforms to C99
configure:4447: gcc -c -march=x86-64 -mtune=generic -O2 -pipe -fstack-protector-strong -D_FORTIFY_SOURCE=2 conftest.c >&5
conftest.c:52:2: warning: variably modified 'd' at file scope
  char d[(bool) -0.5 == true ? 1 : -1];
  ^~~~
conftest.c:54:2: warning: variably modified 'f' at file scope
  char f[(_Bool) -0.0 == false ? 1 : -1];
  ^~~~
configure:4453: $? = 0
configure:4457: test -z 
			 || test ! -s conftest.err
configure:4460: $? = 0
configure:4463: test -s conftest.o
configure:4466: $? = 0
configure:4477: result: yes
configure:4479: checking for _Bool
configure:4503: gcc -c -march=x86-64 -mtune=generic -O2 -pipe -fstack-protector-strong -D_FORTIFY_SOURCE=2 conftest.c >&5
configure:4509: $? = 0
configure:4513: test -z 
			 || test ! -s conftest.err
configure:4516: $? = 0
configure:4519: test -s conftest.o
configure:4522: $? = 0
configure:4533: result: yes
configure:4552: checking for an ANSI C-conforming const
configure:4619: gcc -c -march=x86-64 -mtune=generic -O2 -pipe -fstack-protector-strong -D_FORTIFY_SOURCE=2 conftest.c >&5
configure:4625: $? = 0
configure:4629: test -z 
			 || test ! -s conftest.err
configure:4632: $? = 0
configure:4635: test -s conftest.o
configure:4638: $? = 0
configure:4649: result: yes
configure:4659: checking for inline
configure:4680: gcc -c -march=x86-64 -mtune=generic -O2 -pipe -fstack-protector-strong -D_FORTIFY_SOURCE=2 conftest.c >&5
configure:4686: $? = 0
configure:4690: test -z 
			 || test ! -s conftest.err
configure:4693: $? = 0
configure:4696: test -s conftest.o
configure:4699: $? = 0
configure:4711: result: inline
configure:4730: checking for ptrdiff_t
configure:4754: gcc -c -march=x86-64 -mtune=generic -O2 -pipe -fstack-protector-strong -D_FORTIFY_SOURCE=2 conftest.c >&5
configure:4760: $? = 0
configure:4764: test -z 
			 || test ! -s conftest.err
configure:4767: $? = 0
configure:4770: test -s conftest.o
configure:4773: $? = 0
configure:4784: result: yes
configure:4804: checking for pow
configure:4861: gcc -o conftest -march=x86-64 -mtune=generic -O2 -pipe -fstack-protector-strong -D_FORTIFY_SOURCE=2 -Wl,-O1,--sort-common,--as-needed,-z,relro conftest.c  >&5
conftest.c:53:6: warning: conflicting types for built-in function 'pow'
 char pow ();
      ^~~
/tmp/cc72ITkl.o:conftest.c:f: error: undefined reference to 'pow'
/tmp/cc72ITkl.o:conftest.c:function main: error: undefined reference to 'pow'
collect2: error: ld returned 1 exit status
configure:4867: $? = 1
configure: failed program was:
| /* confdefs.h.  */
| 
| #define PACKAGE_NAME "HepPDT"
| #define PACKAGE_TARNAME "HepPDT"
| #define PACKAGE_VERSION "3.04.01"
| #define PACKAGE_STRING "HepPDT 3.04.01"
| #define PACKAGE_BUGREPORT "https://savannah.cern.ch/projects/heppdt/"
| #define PACKAGE "HepPDT"
| #define VERSION "3.04.01"
| #ifdef __cplusplus
| extern "C" void std::exit (int) throw (); using std::exit;
| #endif
| #define STDC_HEADERS 1
| #define HAVE_SYS_TYPES_H 1
| #define HAVE_SYS_STAT_H 1
| #define HAVE_STDLIB_H 1
| #define HAVE_STRING_H 1
| #define HAVE_MEMORY_H 1
| #define HAVE_STRINGS_H 1
| #define HAVE_INTTYPES_H 1
| #define HAVE_STDINT_H 1
| #define HAVE_UNISTD_H 1
| #define HAVE_STDLIB_H 1
| #define HAVE_STDINT_H 1
| #define HAVE__BOOL 1
| #define HAVE_STDBOOL_H 1
| #define HAVE_PTRDIFF_T 1
| /* end confdefs.h.  */
| /* Define pow to an innocuous variant, in case <limits.h> declares pow.
|    For example, HP-UX 11i <limits.h> declares gettimeofday.  */
| #define pow innocuous_pow
| 
| /* System header to define __stub macros and hopefully few prototypes,
|     which can conflict with char pow (); below.
|     Prefer <limits.h> to <assert.h> if __STDC__ is defined, since
|     <limits.h> exists even on freestanding compilers.  */
| 
| #ifdef __STDC__
| # include <limits.h>
| #else
| # include <assert.h>
| #endif
| 
| #undef pow
| 
| /* Override any gcc2 internal prototype to avoid an error.  */
| #ifdef __cplusplus
| extern "C"
| {
| #endif
| /* We use char because int might match the return type of a gcc2
|    builtin and then its argument prototype would still apply.  */
| char pow ();
| /* The GNU C library defines this for functions which it implements
|     to always fail with ENOSYS.  Some functions are actually named
|     something starting with __ and the normal name is an alias.  */
| #if defined (__stub_pow) || defined (__stub___pow)
| choke me
| #else
| char (*f) () = pow;
| #endif
| #ifdef __cplusplus
| }
| #endif
| 
| int
| main ()
| {
| return f != pow;
|   ;
|   return 0;
| }
configure:4892: result: no
configure:4804: checking for sqrt
configure:4861: gcc -o conftest -march=x86-64 -mtune=generic -O2 -pipe -fstack-protector-strong -D_FORTIFY_SOURCE=2 -Wl,-O1,--sort-common,--as-needed,-z,relro conftest.c  >&5
conftest.c:53:6: warning: conflicting types for built-in function 'sqrt'
 char sqrt ();
      ^~~~
/tmp/cckah35m.o:conftest.c:f: error: undefined reference to 'sqrt'
/tmp/cckah35m.o:conftest.c:function main: error: undefined reference to 'sqrt'
collect2: error: ld returned 1 exit status
configure:4867: $? = 1
configure: failed program was:
| /* confdefs.h.  */
| 
| #define PACKAGE_NAME "HepPDT"
| #define PACKAGE_TARNAME "HepPDT"
| #define PACKAGE_VERSION "3.04.01"
| #define PACKAGE_STRING "HepPDT 3.04.01"
| #define PACKAGE_BUGREPORT "https://savannah.cern.ch/projects/heppdt/"
| #define PACKAGE "HepPDT"
| #define VERSION "3.04.01"
| #ifdef __cplusplus
| extern "C" void std::exit (int) throw (); using std::exit;
| #endif
| #define STDC_HEADERS 1
| #define HAVE_SYS_TYPES_H 1
| #define HAVE_SYS_STAT_H 1
| #define HAVE_STDLIB_H 1
| #define HAVE_STRING_H 1
| #define HAVE_MEMORY_H 1
| #define HAVE_STRINGS_H 1
| #define HAVE_INTTYPES_H 1
| #define HAVE_STDINT_H 1
| #define HAVE_UNISTD_H 1
| #define HAVE_STDLIB_H 1
| #define HAVE_STDINT_H 1
| #define HAVE__BOOL 1
| #define HAVE_STDBOOL_H 1
| #define HAVE_PTRDIFF_T 1
| /* end confdefs.h.  */
| /* Define sqrt to an innocuous variant, in case <limits.h> declares sqrt.
|    For example, HP-UX 11i <limits.h> declares gettimeofday.  */
| #define sqrt innocuous_sqrt
| 
| /* System header to define __stub macros and hopefully few prototypes,
|     which can conflict with char sqrt (); below.
|     Prefer <limits.h> to <assert.h> if __STDC__ is defined, since
|     <limits.h> exists even on freestanding compilers.  */
| 
| #ifdef __STDC__
| # include <limits.h>
| #else
| # include <assert.h>
| #endif
| 
| #undef sqrt
| 
| /* Override any gcc2 internal prototype to avoid an error.  */
| #ifdef __cplusplus
| extern "C"
| {
| #endif
| /* We use char because int might match the return type of a gcc2
|    builtin and then its argument prototype would still apply.  */
| char sqrt ();
| /* The GNU C library defines this for functions which it implements
|     to always fail with ENOSYS.  Some functions are actually named
|     something starting with __ and the normal name is an alias.  */
| #if defined (__stub_sqrt) || defined (__stub___sqrt)
| choke me
| #else
| char (*f) () = sqrt;
| #endif
| #ifdef __cplusplus
| }
| #endif
| 
| int
| main ()
| {
| return f != sqrt;
|   ;
|   return 0;
| }
configure:4892: result: no
configure:5219: creating ./config.status

## ---------------------- ##
## Running config.status. ##
## ---------------------- ##

This file was extended by HepPDT config.status 3.04.01, which was
generated by GNU Autoconf 2.59.  Invocation command line was

  CONFIG_FILES    = 
  CONFIG_HEADERS  = 
  CONFIG_LINKS    = 
  CONFIG_COMMANDS = 
  $ ./config.status 

on ftlserver

config.status:763: creating Makefile
config.status:763: creating include/HepPDT/Makefile
config.status:763: creating include/HepPID/Makefile
config.status:763: creating src/HepPDT/Makefile
config.status:763: creating src/HepPID/Makefile
config.status:763: creating doc/HepPDT/Makefile
config.status:763: creating doc/HepPID/Makefile
config.status:763: creating data/Makefile
config.status:763: creating tests/HepPID/Makefile
config.status:763: creating tests/HepPDT/Makefile
config.status:763: creating tests/HepPDT/testHepPDT.input
config.status:763: creating tests/HepPDT/listPythiaNames.cc
config.status:763: creating tests/HepPDT/listPDGNames.cc
config.status:763: creating tests/HepPDT/listEvtGenNames.cc
config.status:763: creating tests/HepPDT/testReadParticleTable.cc
config.status:763: creating tests/HepPDT/testReadEvtGen.cc
config.status:763: creating tests/HepPDT/testReadIsajet.cc
config.status:763: creating tests/HepPDT/testReadQQ.cc
config.status:763: creating examples/data/Makefile
config.status:763: creating examples/HepPID/Makefile
config.status:763: creating examples/HepPID/GNUmakefile.example
config.status:763: creating examples/HepPDT/Makefile
config.status:763: creating examples/HepPDT/GNUmakefile.example
config.status:763: creating tests/HepPDT/testPID.sh
config.status:763: creating tests/HepPDT/testHepPDT.sh
config.status:763: creating tests/HepPDT/listPythiaNames.sh
config.status:763: creating tests/HepPDT/listPDGNames.sh
config.status:763: creating tests/HepPDT/listEvtGenNames.sh
config.status:763: creating tests/HepPDT/testReadEvtGen.sh
config.status:763: creating tests/HepPDT/testReadParticleTable.sh
config.status:763: creating tests/HepPDT/testReadIsajet.sh
config.status:763: creating tests/HepPDT/testReadQQ.sh
config.status:763: creating tests/HepPID/testParticleIDMethods.sh
config.status:763: creating tests/HepPID/listParticleNames.sh
config.status:763: creating tests/HepPID/listIsajetTranslation.sh
config.status:763: creating tests/HepPID/listHerwigTranslation.sh
config.status:763: creating tests/HepPID/listEvtGenTranslation.sh
config.status:763: creating tests/HepPID/listPythiaTranslation.sh
config.status:763: creating tests/HepPID/listPDGTranslation.sh
config.status:763: creating tests/HepPID/listQQTranslation.sh
config.status:887: creating include/HepPDT/defs.h
config.status:1183: executing depfiles commands

## ---------------- ##
## Cache variables. ##
## ---------------- ##

ac_cv_build=x86_64-unknown-linux-gnu
ac_cv_build_alias=x86_64-unknown-linux-gnu
ac_cv_c_compiler_gnu=yes
ac_cv_c_const=yes
ac_cv_c_inline=inline
ac_cv_cxx_compiler_gnu=yes
ac_cv_env_CC_set=
ac_cv_env_CC_value=
ac_cv_env_CFLAGS_set=set
ac_cv_env_CFLAGS_value='-march=x86-64 -mtune=generic -O2 -pipe -fstack-protector-strong'
ac_cv_env_CPPFLAGS_set=set
ac_cv_env_CPPFLAGS_value=-D_FORTIFY_SOURCE=2
ac_cv_env_CPP_set=
ac_cv_env_CPP_value=
ac_cv_env_CXXFLAGS_set=set
ac_cv_env_CXXFLAGS_value='-march=x86-64 -mtune=generic -O2 -pipe -fstack-protector-strong'
ac_cv_env_CXX_set=
ac_cv_env_CXX_value=
ac_cv_env_LDFLAGS_set=set
ac_cv_env_LDFLAGS_value=-Wl,-O1,--sort-common,--as-needed,-z,relro
ac_cv_env_build_alias_set=
ac_cv_env_build_alias_value=
ac_cv_env_host_alias_set=
ac_cv_env_host_alias_value=
ac_cv_env_target_alias_set=
ac_cv_env_target_alias_value=
ac_cv_exeext=
ac_cv_func_pow=no
ac_cv_func_sqrt=no
ac_cv_header_inttypes_h=yes
ac_cv_header_memory_h=yes
ac_cv_header_stdbool_h=yes
ac_cv_header_stdc=yes
ac_cv_header_stdint_h=yes
ac_cv_header_stdlib_h=yes
ac_cv_header_string_h=yes
ac_cv_header_strings_h=yes
ac_cv_header_sys_stat_h=yes
ac_cv_header_sys_types_h=yes
ac_cv_header_unistd_h=yes
ac_cv_host=x86_64-unknown-linux-gnu
ac_cv_host_alias=x86_64-unknown-linux-gnu
ac_cv_objext=o
ac_cv_path_install='/usr/bin/install -c'
ac_cv_prog_AWK=gawk
ac_cv_prog_CPP='gcc -E'
ac_cv_prog_ac_ct_CC=gcc
ac_cv_prog_ac_ct_CXX=g++
ac_cv_prog_ac_ct_RANLIB=ranlib
ac_cv_prog_cc_g=yes
ac_cv_prog_cc_stdc=
ac_cv_prog_cxx_g=yes
ac_cv_prog_egrep='grep -E'
ac_cv_prog_make_make_set=yes
ac_cv_target=x86_64-unknown-linux-gnu
ac_cv_target_alias=x86_64-unknown-linux-gnu
ac_cv_type__Bool=yes
ac_cv_type_ptrdiff_t=yes
am_cv_CC_dependencies_compiler_type=gcc3
am_cv_CXX_dependencies_compiler_type=gcc3

## ----------------- ##
## Output variables. ##
## ----------------- ##

ACLOCAL='${SHELL} /home/teemperor/cms/ext/heppdt/src/HepPDT-3.04.01/missing --run aclocal-1.9'
AMDEPBACKSLASH='\'
AMDEP_FALSE='#'
AMDEP_TRUE=''
AMTAR='${SHELL} /home/teemperor/cms/ext/heppdt/src/HepPDT-3.04.01/missing --run tar'
AM_CXXFLAGS='-O -ansi -pedantic -Wall'
AUTOCONF='${SHELL} /home/teemperor/cms/ext/heppdt/src/HepPDT-3.04.01/missing --run autoconf'
AUTOHEADER='${SHELL} /home/teemperor/cms/ext/heppdt/src/HepPDT-3.04.01/missing --run autoheader'
AUTOMAKE='${SHELL} /home/teemperor/cms/ext/heppdt/src/HepPDT-3.04.01/missing --run automake-1.9'
AWK='gawk'
BUILD_SHARED_FALSE='#'
BUILD_SHARED_TRUE=''
BUILD_STATIC_FALSE='#'
BUILD_STATIC_TRUE=''
BUILD_VISUAL_FALSE=''
BUILD_VISUAL_TRUE='#'
CC='gcc'
CCDEPMODE='depmode=gcc3'
CFLAGS='-march=x86-64 -mtune=generic -O2 -pipe -fstack-protector-strong'
COPY_P='cp -p'
CPP='gcc -E'
CPPFLAGS='-D_FORTIFY_SOURCE=2'
CXX='g++'
CXXDEPMODE='depmode=gcc3'
CXXFLAGS='-march=x86-64 -mtune=generic -O2 -pipe -fstack-protector-strong'
CYGPATH_W='echo'
DEFS='-DHAVE_CONFIG_H'
DEPDIR='.deps'
DIFF_Q='diff -q -b'
ECHO_C=''
ECHO_N='-n'
ECHO_T=''
EGREP='grep -E'
EXEEXT=''
INSTALL_DATA='${INSTALL} -m 644'
INSTALL_PROGRAM='${INSTALL}'
INSTALL_SCRIPT='${INSTALL}'
INSTALL_STRIP_PROGRAM='${SHELL} $(install_sh) -c -s'
LDFLAGS='-Wl,-O1,--sort-common,--as-needed,-z,relro'
LIBOBJS=''
LIBS=''
LTLIBOBJS=''
MAKEINFO='${SHELL} /home/teemperor/cms/ext/heppdt/src/HepPDT-3.04.01/missing --run makeinfo'
MY_SHFLAGS='-fPIC -DPIC'
MY_SHLINK='-shared'
MY_SHNAME='-Wl,-soname,'
OBJEXT='o'
PACKAGE='HepPDT'
PACKAGE_BUGREPORT='https://savannah.cern.ch/projects/heppdt/'
PACKAGE_NAME='HepPDT'
PACKAGE_STRING='HepPDT 3.04.01'
PACKAGE_TARNAME='HepPDT'
PACKAGE_VERSION='3.04.01'
PATH_SEPARATOR=':'
RANLIB='ranlib'
SET_MAKE=''
SHELL='/bin/sh'
SHEXT='so'
STRIP=''
USE_GMAKE_FALSE=''
USE_GMAKE_TRUE='#'
VERSION='3.04.01'
ac_ct_CC='gcc'
ac_ct_CXX='g++'
ac_ct_RANLIB='ranlib'
ac_ct_STRIP=''
am__fastdepCC_FALSE='#'
am__fastdepCC_TRUE=''
am__fastdepCXX_FALSE='#'
am__fastdepCXX_TRUE=''
am__include='include'
am__leading_dot='.'
am__quote=''
am__tar='${AMTAR} chof - "$$tardir"'
am__untar='${AMTAR} xf -'
bindir='${exec_prefix}/bin'
build='x86_64-unknown-linux-gnu'
build_alias=''
build_cpu='x86_64'
build_os='linux-gnu'
build_vendor='unknown'
datadir='${prefix}/share'
exec_prefix='${prefix}'
host='x86_64-unknown-linux-gnu'
host_alias=''
host_cpu='x86_64'
host_os='linux-gnu'
host_vendor='unknown'
includedir='${prefix}/include'
infodir='${prefix}/info'
install_sh='/home/teemperor/cms/ext/heppdt/src/HepPDT-3.04.01/install-sh'
libdir='${exec_prefix}/lib'
libexecdir='${exec_prefix}/libexec'
localstatedir='${prefix}/var'
mandir='${prefix}/man'
mkdir_p='mkdir -p --'
oldincludedir='/usr/include'
prefix='/usr'
program_transform_name='s,x,x,'
sbindir='${exec_prefix}/sbin'
sharedstatedir='${prefix}/com'
sysconfdir='${prefix}/etc'
target='x86_64-unknown-linux-gnu'
target_alias=''
target_cpu='x86_64'
target_os='linux-gnu'
target_vendor='unknown'

## ----------- ##
## confdefs.h. ##
## ----------- ##

#define HAVE_INTTYPES_H 1
#define HAVE_MEMORY_H 1
#define HAVE_PTRDIFF_T 1
#define HAVE_STDBOOL_H 1
#define HAVE_STDINT_H 1
#define HAVE_STDINT_H 1
#define HAVE_STDLIB_H 1
#define HAVE_STDLIB_H 1
#define HAVE_STRINGS_H 1
#define HAVE_STRING_H 1
#define HAVE_SYS_STAT_H 1
#define HAVE_SYS_TYPES_H 1
#define HAVE_UNISTD_H 1
#define HAVE__BOOL 1
#define PACKAGE "HepPDT"
#define PACKAGE_BUGREPORT "https://savannah.cern.ch/projects/heppdt/"
#define PACKAGE_NAME "HepPDT"
#define PACKAGE_STRING "HepPDT 3.04.01"
#define PACKAGE_TARNAME "HepPDT"
#define PACKAGE_VERSION "3.04.01"
#define STDC_HEADERS 1
#define VERSION "3.04.01"
#endif
#ifdef __cplusplus
extern "C" void std::exit (int) throw (); using std::exit;

configure: exit 0
